<?xml version="1.0" encoding="UTF-8"?>
<!-- Generated by org.testng.reporters.JUnitReportReporter -->
<testsuite skipped="0" hostname="DESKTOP-E932GNO" name="FirstTestNGProject.dataprovider" tests="2" failures="0" timestamp="2020-03-31T11:07:29 IST" time="0.015" errors="0">
  <testcase name="dologin" time="0.010" classname="FirstTestNGProject.dataprovider"/>
  <testcase name="dologin" time="0.005" classname="FirstTestNGProject.dataprovider"/>
</testsuite> <!-- FirstTestNGProject.dataprovider -->
