<?xml version="1.0" encoding="UTF-8"?>
<!-- Generated by org.testng.reporters.JUnitReportReporter -->
<testsuite skipped="0" hostname="DESKTOP-E932GNO" name="FirstTestNGProject.Assert" tests="1" failures="0" timestamp="2020-03-31T11:07:29 IST" time="0.005" errors="0">
  <testcase name="testB" time="0.005" classname="FirstTestNGProject.Assert"/>
</testsuite> <!-- FirstTestNGProject.Assert -->
