<?xml version="1.0" encoding="UTF-8"?>
<!-- Generated by org.testng.reporters.JUnitReportReporter -->
<testsuite skipped="0" hostname="DESKTOP-E932GNO" name="FirstTestNGProject.NewTest" tests="1" failures="0" timestamp="2020-03-19T10:12:35 IST" time="0.008" errors="0">
  <testcase name="f" time="0.008" classname="FirstTestNGProject.NewTest"/>
</testsuite> <!-- FirstTestNGProject.NewTest -->
