<?xml version="1.0" encoding="UTF-8"?>
<!-- Generated by org.testng.reporters.JUnitReportReporter -->
<testsuite skipped="0" hostname="DESKTOP-E932GNO" name="NewTest" tests="1" failures="0" timestamp="2020-03-26T08:28:39 IST" time="0.008" errors="0">
  <testcase name="f" time="0.008" classname="NewTest"/>
</testsuite> <!-- NewTest -->
