<?xml version="1.0" encoding="UTF-8"?>
<!-- Generated by org.testng.reporters.JUnitReportReporter -->
<testsuite skipped="0" hostname="DESKTOP-E932GNO" name="FirstTestNGProject.testCaseA" tests="3" failures="0" timestamp="2020-03-19T09:42:44 IST" time="0.032" errors="0">
  <testcase name="doLogin" time="0.022" classname="FirstTestNGProject.testCaseA"/>
  <testcase name="changePassword" time="0.005" classname="FirstTestNGProject.testCaseA"/>
  <testcase name="logout" time="0.005" classname="FirstTestNGProject.testCaseA"/>
</testsuite> <!-- FirstTestNGProject.testCaseA -->
