<?xml version="1.0" encoding="UTF-8"?>
<!-- Generated by org.testng.reporters.JUnitReportReporter -->
<testsuite skipped="0" hostname="DESKTOP-E932GNO" name="FirstTestNGProject.cleartaxTest" tests="1" failures="0" timestamp="2020-03-19T10:04:55 IST" time="0.023" errors="0">
  <testcase name="f" time="0.023" classname="FirstTestNGProject.cleartaxTest"/>
</testsuite> <!-- FirstTestNGProject.cleartaxTest -->
