<?xml version="1.0" encoding="UTF-8"?>
<!-- Generated by org.testng.reporters.JUnitReportReporter -->
<testsuite skipped="0" hostname="DESKTOP-E932GNO" name="FirstTestNGProject.Assert" tests="1" failures="0" timestamp="2020-04-06T08:52:48 IST" time="0.012" errors="0">
  <testcase name="testB" time="0.012" classname="FirstTestNGProject.Assert"/>
</testsuite> <!-- FirstTestNGProject.Assert -->
