<?xml version="1.0" encoding="UTF-8"?>
<!-- Generated by org.testng.reporters.JUnitReportReporter -->
<testsuite skipped="0" hostname="DESKTOP-E932GNO" name="FirstTestNGProject.basicTest" tests="1" failures="0" timestamp="2020-03-31T11:07:29 IST" time="16.274" errors="0">
  <testcase name="open" time="16.274" classname="FirstTestNGProject.basicTest"/>
</testsuite> <!-- FirstTestNGProject.basicTest -->
